<?xml version="1.0" encoding="UTF-8"?>
<testsuite xmlns:xsi="http://www.w3.org/2001/XMLSchema-instance" xsi:noNamespaceSchemaLocation="https://maven.apache.org/surefire/maven-surefire-plugin/xsd/surefire-test-report-3.0.xsd" version="3.0" name="ual.hmis.sesion05.Ejercicio4Test" time="0.044" tests="6" errors="0" skipped="0" failures="0">
  <properties>
[...]
</properties>
  <testcase name="obtenerDiagonales_matrizCuadrada([[I)" classname="ual.hmis.sesion05.Ejercicio4Test" time="0.006"/>
  <testcase name="obtenerDiagonales_matrizCuadrada([[I)" classname="ual.hmis.sesion05.Ejercicio4Test" time="0.001"/>
  <testcase name="obtenerDiagonales_matrizCuadrada([[I)" classname="ual.hmis.sesion05.Ejercicio4Test" time="0.001"/>
  <testcase name="sumarColumnas_matrizCuadrada([[D)" classname="ual.hmis.sesion05.Ejercicio4Test" time="0.006"/>
  <testcase name="sumarColumnas_matrizCuadrada([[D)" classname="ual.hmis.sesion05.Ejercicio4Test" time="0.001"/>
  <testcase name="sumarColumnas_matrizCuadrada([[D)" classname="ual.hmis.sesion05.Ejercicio4Test" time="0"/>
</testsuite>